<?xml version="1.0" encoding="UTF-8"?>
<testng-results skipped="0" failed="0" ignored="0" total="2" passed="2">
  <reporter-output>
  </reporter-output>
  <suite name="Default suite" duration-ms="4039" started-at="2020-04-07T06:44:06Z" finished-at="2020-04-07T06:44:10Z">
    <groups>
    </groups>
    <test name="Default test" duration-ms="4039" started-at="2020-04-07T06:44:06Z" finished-at="2020-04-07T06:44:10Z">
      <class name="com.test.Infosys.Infosys_POC">
        <test-method status="PASS" signature="JsonPath()[pri:0, instance:com.test.Infosys.Infosys_POC@553f17c]" name="JsonPath" duration-ms="3216" started-at="2020-04-07T06:44:06Z" finished-at="2020-04-07T06:44:09Z">
          <reporter-output>
          </reporter-output>
        </test-method> <!-- JsonPath -->
        <test-method status="PASS" signature="testopenWeather_BaseURI_RequestSpecification()[pri:0, instance:com.test.Infosys.Infosys_POC@553f17c]" name="testopenWeather_BaseURI_RequestSpecification" duration-ms="775" started-at="2020-04-07T06:44:09Z" finished-at="2020-04-07T06:44:10Z">
          <reporter-output>
          </reporter-output>
        </test-method> <!-- testopenWeather_BaseURI_RequestSpecification -->
      </class> <!-- com.test.Infosys.Infosys_POC -->
    </test> <!-- Default test -->
  </suite> <!-- Default suite -->
</testng-results>
